<?xml version="1.0" encoding="UTF-8"?>
<!-- Generated by org.testng.reporters.JUnitXMLReporter -->
<testsuite hostname="linux" ignored="0" name="Default test(failed)" tests="1" failures="0" timestamp="04 Feb 2019 09:20:23 GMT" time="0.053" errors="0">
  <testcase name="@BeforeMethod precondition" time="0.0" classname="tys.demoD">
    <failure type="org.testng.TestNGException" message="
Parameter &amp;apos;nodeurl&amp;apos; is required by BeforeMethod on method precondition but has not been marked @Optional or defined
in /home/tyss/Documents/srikanth/Automation/test-output/Default suite/testng-failed.xml">
      <![CDATA[org.testng.TestNGException: 
Parameter 'nodeurl' is required by BeforeMethod on method precondition but has not been marked @Optional or defined
in /home/tyss/Documents/srikanth/Automation/test-output/Default suite/testng-failed.xml
... Removed 25 stack frames]]>
    </failure>
  </testcase> <!-- @BeforeMethod precondition -->
  <testcase name="@AfterMethod postcondition" time="0.0" classname="tys.demoD">
    <skipped/>
  </testcase> <!-- @AfterMethod postcondition -->
  <testcase name="testData" time="0.0" classname="tys.demoE">
    <skipped/>
  </testcase> <!-- testData -->
</testsuite> <!-- Default test(failed) -->
