<?xml version="1.0" encoding="UTF-8"?>
<!-- Generated by org.testng.reporters.JUnitXMLReporter -->
<testsuite hostname="linux" ignored="0" name="Default test" tests="4" failures="0" timestamp="13 Feb 2019 11:01:08 GMT" time="1.286" errors="0">
  <testcase name="testdata" time="0.008" classname="excel.demoE"/>
  <testcase name="testdata" time="0.002" classname="excel.demoE"/>
  <testcase name="testdata" time="0.001" classname="excel.demoE"/>
  <testcase name="testdata" time="0.001" classname="excel.demoE"/>
</testsuite> <!-- Default test -->
