<?xml version="1.0" encoding="UTF-8"?>
<testng-results skipped="0" failed="0" ignored="0" total="4" passed="4">
  <reporter-output>
  </reporter-output>
  <suite name="Default suite" duration-ms="1286" started-at="2019-02-13T11:01:07Z" finished-at="2019-02-13T11:01:08Z">
    <groups>
    </groups>
    <test name="Default test" duration-ms="1286" started-at="2019-02-13T11:01:07Z" finished-at="2019-02-13T11:01:08Z">
      <class name="excel.demoE">
        <test-method status="PASS" signature="testdata(java.lang.Object, java.lang.Object)[pri:0, instance:excel.demoE@6b57696f]" name="testdata" duration-ms="8" started-at="2019-02-13T11:01:08Z" data-provider="getData" finished-at="2019-02-13T11:01:08Z">
          <params>
            <param index="0">
              <value>
                <![CDATA[USERA]]>
              </value>
            </param>
            <param index="1">
              <value>
                <![CDATA[123]]>
              </value>
            </param>
          </params>
          <reporter-output>
          </reporter-output>
        </test-method> <!-- testdata -->
        <test-method status="PASS" signature="testdata(java.lang.Object, java.lang.Object)[pri:0, instance:excel.demoE@6b57696f]" name="testdata" duration-ms="2" started-at="2019-02-13T11:01:08Z" data-provider="getData" finished-at="2019-02-13T11:01:08Z">
          <params>
            <param index="0">
              <value>
                <![CDATA[USERB]]>
              </value>
            </param>
            <param index="1">
              <value>
                <![CDATA[ABCD]]>
              </value>
            </param>
          </params>
          <reporter-output>
          </reporter-output>
        </test-method> <!-- testdata -->
        <test-method status="PASS" signature="testdata(java.lang.Object, java.lang.Object)[pri:0, instance:excel.demoE@6b57696f]" name="testdata" duration-ms="1" started-at="2019-02-13T11:01:08Z" data-provider="getData" finished-at="2019-02-13T11:01:08Z">
          <params>
            <param index="0">
              <value>
                <![CDATA[USERC]]>
              </value>
            </param>
            <param index="1">
              <value>
                <![CDATA[ACDB]]>
              </value>
            </param>
          </params>
          <reporter-output>
          </reporter-output>
        </test-method> <!-- testdata -->
        <test-method status="PASS" signature="testdata(java.lang.Object, java.lang.Object)[pri:0, instance:excel.demoE@6b57696f]" name="testdata" duration-ms="1" started-at="2019-02-13T11:01:08Z" data-provider="getData" finished-at="2019-02-13T11:01:08Z">
          <params>
            <param index="0">
              <value>
                <![CDATA[USERD]]>
              </value>
            </param>
            <param index="1">
              <value>
                <![CDATA[ABED]]>
              </value>
            </param>
          </params>
          <reporter-output>
          </reporter-output>
        </test-method> <!-- testdata -->
      </class> <!-- excel.demoE -->
    </test> <!-- Default test -->
  </suite> <!-- Default suite -->
</testng-results>
